info it worked if it ends with ok
verbose cli [ 'node',
verbose cli   '/Users/veas/nvm/v0.6.19/bin/npm',
verbose cli   'install',
verbose cli   '-g',
verbose cli   'consolidate' ]
info using npm@1.1.24
info using node@v0.6.19
verbose config file /Users/veas/.npmrc
verbose config file /Users/veas/nvm/v0.6.19/etc/npmrc
verbose config file /Users/veas/nvm/v0.6.19/lib/node_modules/npm/npmrc
verbose cache add [ 'consolidate', null ]
silly cache add: name, spec, args [ undefined, 'consolidate', [ 'consolidate', null ] ]
verbose parsed url { pathname: 'consolidate',
verbose parsed url   path: 'consolidate',
verbose parsed url   href: 'consolidate' }
verbose addNamed [ 'consolidate', '' ]
verbose addNamed [ null, '' ]
silly name, range, hasData [ 'consolidate', '', false ]
verbose raw, before any munging consolidate
verbose url resolving [ 'https://registry.npmjs.org/', './consolidate' ]
verbose url resolved https://registry.npmjs.org/consolidate
verbose etag "E1N6L4RC1TFKCPRIUJTAWFOJ3"
http GET https://registry.npmjs.org/consolidate
http 304 https://registry.npmjs.org/consolidate
silly get cb [ 304,
silly get cb   { server: 'CouchDB/1.2.0 (Erlang OTP/R15B)',
silly get cb     etag: '"E1N6L4RC1TFKCPRIUJTAWFOJ3"',
silly get cb     date: 'Sun, 12 Aug 2012 07:17:56 GMT',
silly get cb     'content-length': '0' } ]
verbose etag consolidate from cache
silly name, range, hasData 2 [ 'consolidate', '', true ]
silly versions [ 'consolidate',
silly versions   [ '0.0.1', '0.1.0', '0.2.0', '0.3.0', '0.3.1', '0.4.0' ] ]
verbose bin dist [ '0.6-ares1.7.5-DEV-evundefined-openssl0.9.8r-v83.6.6.25-darwin-x64-11.4.0',
verbose bin dist   { shasum: '1ae7245e0f4239f3e2e0895a5faeaac945b2972c',
verbose bin dist     tarball: 'http://registry.npmjs.org/-/consolidate-0.4.0.tgz' } ]
verbose addRemoteTarball [ 'https://registry.npmjs.org/-/consolidate-0.4.0.tgz',
verbose addRemoteTarball   '1ae7245e0f4239f3e2e0895a5faeaac945b2972c' ]
verbose fetch to /tmp/npm-1344755876046/1344755876046-0.4468330261297524/tmp.tgz
http GET https://registry.npmjs.org/-/consolidate-0.4.0.tgz
http 404 https://registry.npmjs.org/-/consolidate-0.4.0.tgz
silly updated sha bytes 52
info shasum 3bb7b8a676e95a33a0f28f081cf860176b8f67c7
info shasum /tmp/npm-1344755876046/1344755876046-0.4468330261297524/tmp.tgz
ERR! Error: shasum check failed for /tmp/npm-1344755876046/1344755876046-0.4468330261297524/tmp.tgz
ERR! Expected: 1ae7245e0f4239f3e2e0895a5faeaac945b2972c
ERR! Actual:   3bb7b8a676e95a33a0f28f081cf860176b8f67c7
ERR!     at /Users/veas/nvm/v0.6.19/lib/node_modules/npm/lib/utils/sha.js:25:20
ERR!     at [object Object].<anonymous> (/Users/veas/nvm/v0.6.19/lib/node_modules/npm/lib/utils/sha.js:49:5)
ERR!     at [object Object].emit (events.js:64:17)
ERR!     at afterRead (fs.js:1132:12)
ERR!     at Object.wrapper [as oncomplete] (fs.js:264:17)
ERR! You may report this log at:
ERR!     <http://github.com/isaacs/npm/issues>
ERR! or email it to:
ERR!     <npm-@googlegroups.com>
ERR! 
ERR! System Darwin 11.4.0
ERR! command "node" "/Users/veas/nvm/v0.6.19/bin/npm" "install" "-g" "consolidate"
ERR! cwd /Users/veas/outdoorshi
ERR! node -v v0.6.19
ERR! npm -v 1.1.24
ERR! message shasum check failed for /tmp/npm-1344755876046/1344755876046-0.4468330261297524/tmp.tgz
ERR! message Expected: 1ae7245e0f4239f3e2e0895a5faeaac945b2972c
ERR! message Actual:   3bb7b8a676e95a33a0f28f081cf860176b8f67c7
verbose exit [ 1, true ]
